{"name": "新增客户只填写基础信息", "status": "broken", "statusDetails": {"message": "selenium.common.exceptions.InvalidSelectorException: Message: invalid selector: Unable to locate an element with the xpath expression //div[@class=\"el-select-dropdown el-popper\"]//ul[@class=\"el-scrollbar__view el-select-dropdown__list\"]/li/span[text()=\"一类客户\" because of the following error:\nSyntaxError: Failed to execute 'evaluate' on 'Document': The string '//div[@class=\"el-select-dropdown el-popper\"]//ul[@class=\"el-scrollbar__view el-select-dropdown__list\"]/li/span[text()=\"一类客户\"' is not a valid XPath expression.\n  (Session info: chrome=72.0.3626.119)\n  (Driver info: chromedriver=2.45.615291 (ec3682e3c9061c10f26ea9e5cdcf3c53f3f74387),platform=Windows NT 10.0.17134 x86_64)", "trace": "self = <test_customer_manage.TestCustomerManageAdd object at 0x00000177FE3FAA58>\n\n    @allure.story(\"新增客户成功\")\n    @allure.title(\"新增客户只填写基础信息\")\n    def test_consumer_base_success(self):\n        print(C.consumer_data_base)\n>       message = self.customer_page.add_consumer(C.consumer_data_base)\n\n..\\test_case\\test_bpm\\test_customer_manage.py:28: \n_ _ _ _ _ _ _ _ _ _ _ _ _ _ _ _ _ _ _ _ _ _ _ _ _ _ _ _ _ _ _ _ _ _ _ _ _ _ _ _\n..\\pages\\bpm_pages\\customer_manage_page.py:162: in add_consumer\n    input_dict[\"customer_grade\"], self.driver)\n..\\pages\\bpm_pages\\bpm_base_page.py:238: in select_input_function\n    print(driver.find_elements_by_xpath(next_path))\nD:\\softwore\\python372\\lib\\site-packages\\selenium\\webdriver\\remote\\webdriver.py:410: in find_elements_by_xpath\n    return self.find_elements(by=By.XPATH, value=xpath)\nD:\\softwore\\python372\\lib\\site-packages\\selenium\\webdriver\\remote\\webdriver.py:1007: in find_elements\n    'value': value})['value'] or []\nD:\\softwore\\python372\\lib\\site-packages\\selenium\\webdriver\\remote\\webdriver.py:321: in execute\n    self.error_handler.check_response(response)\n_ _ _ _ _ _ _ _ _ _ _ _ _ _ _ _ _ _ _ _ _ _ _ _ _ _ _ _ _ _ _ _ _ _ _ _ _ _ _ _\n\nself = <selenium.webdriver.remote.errorhandler.ErrorHandler object at 0x00000177FD31F978>\nresponse = {'sessionId': 'b9a35e70b3926311b7bb8e2768bf81bc', 'status': 32, 'value': {'message': 'invalid selector: Unable to loca...ver info: chromedriver=2.45.615291 (ec3682e3c9061c10f26ea9e5cdcf3c53f3f74387),platform=Windows NT 10.0.17134 x86_64)'}}\n\n    def check_response(self, response):\n        \"\"\"\n        Checks that a JSON response from the WebDriver does not have an error.\n    \n        :Args:\n         - response - The JSON response from the WebDriver server as a dictionary\n           object.\n    \n        :Raises: If the response contains an error message.\n        \"\"\"\n        status = response.get('status', None)\n        if status is None or status == ErrorCode.SUCCESS:\n            return\n        value = None\n        message = response.get(\"message\", \"\")\n        screen = response.get(\"screen\", \"\")\n        stacktrace = None\n        if isinstance(status, int):\n            value_json = response.get('value', None)\n            if value_json and isinstance(value_json, basestring):\n                import json\n                try:\n                    value = json.loads(value_json)\n                    if len(value.keys()) == 1:\n                        value = value['value']\n                    status = value.get('error', None)\n                    if status is None:\n                        status = value[\"status\"]\n                        message = value[\"value\"]\n                        if not isinstance(message, basestring):\n                            value = message\n                            message = message.get('message')\n                    else:\n                        message = value.get('message', None)\n                except ValueError:\n                    pass\n    \n        exception_class = ErrorInResponseException\n        if status in ErrorCode.NO_SUCH_ELEMENT:\n            exception_class = NoSuchElementException\n        elif status in ErrorCode.NO_SUCH_FRAME:\n            exception_class = NoSuchFrameException\n        elif status in ErrorCode.NO_SUCH_WINDOW:\n            exception_class = NoSuchWindowException\n        elif status in ErrorCode.STALE_ELEMENT_REFERENCE:\n            exception_class = StaleElementReferenceException\n        elif status in ErrorCode.ELEMENT_NOT_VISIBLE:\n            exception_class = ElementNotVisibleException\n        elif status in ErrorCode.INVALID_ELEMENT_STATE:\n            exception_class = InvalidElementStateException\n        elif status in ErrorCode.INVALID_SELECTOR \\\n                or status in ErrorCode.INVALID_XPATH_SELECTOR \\\n                or status in ErrorCode.INVALID_XPATH_SELECTOR_RETURN_TYPER:\n            exception_class = InvalidSelectorException\n        elif status in ErrorCode.ELEMENT_IS_NOT_SELECTABLE:\n            exception_class = ElementNotSelectableException\n        elif status in ErrorCode.ELEMENT_NOT_INTERACTABLE:\n            exception_class = ElementNotInteractableException\n        elif status in ErrorCode.INVALID_COOKIE_DOMAIN:\n            exception_class = InvalidCookieDomainException\n        elif status in ErrorCode.UNABLE_TO_SET_COOKIE:\n            exception_class = UnableToSetCookieException\n        elif status in ErrorCode.TIMEOUT:\n            exception_class = TimeoutException\n        elif status in ErrorCode.SCRIPT_TIMEOUT:\n            exception_class = TimeoutException\n        elif status in ErrorCode.UNKNOWN_ERROR:\n            exception_class = WebDriverException\n        elif status in ErrorCode.UNEXPECTED_ALERT_OPEN:\n            exception_class = UnexpectedAlertPresentException\n        elif status in ErrorCode.NO_ALERT_OPEN:\n            exception_class = NoAlertPresentException\n        elif status in ErrorCode.IME_NOT_AVAILABLE:\n            exception_class = ImeNotAvailableException\n        elif status in ErrorCode.IME_ENGINE_ACTIVATION_FAILED:\n            exception_class = ImeActivationFailedException\n        elif status in ErrorCode.MOVE_TARGET_OUT_OF_BOUNDS:\n            exception_class = MoveTargetOutOfBoundsException\n        elif status in ErrorCode.JAVASCRIPT_ERROR:\n            exception_class = JavascriptException\n        elif status in ErrorCode.SESSION_NOT_CREATED:\n            exception_class = SessionNotCreatedException\n        elif status in ErrorCode.INVALID_ARGUMENT:\n            exception_class = InvalidArgumentException\n        elif status in ErrorCode.NO_SUCH_COOKIE:\n            exception_class = NoSuchCookieException\n        elif status in ErrorCode.UNABLE_TO_CAPTURE_SCREEN:\n            exception_class = ScreenshotException\n        elif status in ErrorCode.ELEMENT_CLICK_INTERCEPTED:\n            exception_class = ElementClickInterceptedException\n        elif status in ErrorCode.INSECURE_CERTIFICATE:\n            exception_class = InsecureCertificateException\n        elif status in ErrorCode.INVALID_COORDINATES:\n            exception_class = InvalidCoordinatesException\n        elif status in ErrorCode.INVALID_SESSION_ID:\n            exception_class = InvalidSessionIdException\n        elif status in ErrorCode.UNKNOWN_METHOD:\n            exception_class = UnknownMethodException\n        else:\n            exception_class = WebDriverException\n        if value == '' or value is None:\n            value = response['value']\n        if isinstance(value, basestring):\n            if exception_class == ErrorInResponseException:\n                raise exception_class(response, value)\n            raise exception_class(value)\n        if message == \"\" and 'message' in value:\n            message = value['message']\n    \n        screen = None\n        if 'screen' in value:\n            screen = value['screen']\n    \n        stacktrace = None\n        if 'stackTrace' in value and value['stackTrace']:\n            stacktrace = []\n            try:\n                for frame in value['stackTrace']:\n                    line = self._value_or_default(frame, 'lineNumber', '')\n                    file = self._value_or_default(frame, 'fileName', '<anonymous>')\n                    if line:\n                        file = \"%s:%s\" % (file, line)\n                    meth = self._value_or_default(frame, 'methodName', '<anonymous>')\n                    if 'className' in frame:\n                        meth = \"%s.%s\" % (frame['className'], meth)\n                    msg = \"    at %s (%s)\"\n                    msg = msg % (meth, file)\n                    stacktrace.append(msg)\n            except TypeError:\n                pass\n        if exception_class == ErrorInResponseException:\n            raise exception_class(response, message)\n        elif exception_class == UnexpectedAlertPresentException:\n            alert_text = None\n            if 'data' in value:\n                alert_text = value['data'].get('text')\n            elif 'alert' in value:\n                alert_text = value['alert'].get('text')\n            raise exception_class(message, screen, stacktrace, alert_text)\n>       raise exception_class(message, screen, stacktrace)\nE       selenium.common.exceptions.InvalidSelectorException: Message: invalid selector: Unable to locate an element with the xpath expression //div[@class=\"el-select-dropdown el-popper\"]//ul[@class=\"el-scrollbar__view el-select-dropdown__list\"]/li/span[text()=\"一类客户\" because of the following error:\nE       SyntaxError: Failed to execute 'evaluate' on 'Document': The string '//div[@class=\"el-select-dropdown el-popper\"]//ul[@class=\"el-scrollbar__view el-select-dropdown__list\"]/li/span[text()=\"一类客户\"' is not a valid XPath expression.\nE         (Session info: chrome=72.0.3626.119)\nE         (Driver info: chromedriver=2.45.615291 (ec3682e3c9061c10f26ea9e5cdcf3c53f3f74387),platform=Windows NT 10.0.17134 x86_64)\n\nD:\\softwore\\python372\\lib\\site-packages\\selenium\\webdriver\\remote\\errorhandler.py:242: InvalidSelectorException"}, "attachments": [{"name": "log", "source": "cac602e0-c33d-4349-ab5a-988174e52d86-attachment.txt", "type": "text/plain"}, {"name": "stdout", "source": "80d0e93c-2af9-4686-be53-1ea0960a8770-attachment.txt", "type": "text/plain"}, {"name": "stderr", "source": "06d4d0de-c8fc-460e-a9bc-9b757d37f991-attachment.txt", "type": "text/plain"}], "start": 1553506716031, "stop": 1553506718616, "uuid": "7f3479fe-7277-4976-b268-3c999ae8c895", "historyId": "d60d97620107134c92089486131369ad", "fullName": "test_case.test_bpm.test_customer_manage.TestCustomerManageAdd#test_consumer_base_success", "labels": [{"name": "feature", "value": "测试客户管理-新增"}, {"name": "story", "value": "新增客户成功"}, {"name": "parentSuite", "value": "test_case.test_bpm"}, {"name": "suite", "value": "test_customer_manage"}, {"name": "subSuite", "value": "TestCustomerManageAdd"}, {"name": "host", "value": "cadentang"}, {"name": "thread", "value": "2708-MainThread"}, {"name": "framework", "value": "pytest"}, {"name": "language", "value": "cpython3"}, {"name": "package", "value": "test_case.test_bpm.test_customer_manage"}]}